<?xml version="1.0" encoding="UTF-8"?>
<testng-results skipped="0" failed="0" total="1" passed="1">
  <reporter-output>
  </reporter-output>
  <suite name="Automation Test" duration-ms="46" started-at="2016-07-18T19:33:10Z" finished-at="2016-07-18T19:33:10Z">
    <groups>
    </groups>
    <test name="raftests" duration-ms="46" started-at="2016-07-18T19:33:10Z" finished-at="2016-07-18T19:33:10Z">
      <class name="rafJenkins.rafhelloworld">
        <test-method status="PASS" signature="testPrintHelloWorld()[pri:0, instance:rafJenkins.rafhelloworld@3cbbc1e0]" name="testPrintHelloWorld" duration-ms="20" started-at="2016-07-18T14:33:10Z" finished-at="2016-07-18T14:33:10Z">
          <reporter-output>
          </reporter-output>
        </test-method> <!-- testPrintHelloWorld -->
      </class> <!-- rafJenkins.rafhelloworld -->
    </test> <!-- raftests -->
  </suite> <!-- Automation Test -->
</testng-results>
